[09-Apr-2025 21:41:35 Europe/Berlin] PHP Fatal error:  Uncaught PDOException: SQLSTATE[42S22]: Column not found: 1054 Unknown column 'completed_activities' in 'field list' in C:\xampp\htdocs\mind\self-care.php:26
Stack trace:
#0 C:\xampp\htdocs\mind\self-care.php(26): PDO->prepare('INSERT INTO use...')
#1 {main}
  thrown in C:\xampp\htdocs\mind\self-care.php on line 26
[09-Apr-2025 21:41:44 Europe/Berlin] PHP Fatal error:  Uncaught PDOException: SQLSTATE[42S22]: Column not found: 1054 Unknown column 'completed_activities' in 'field list' in C:\xampp\htdocs\mind\self-care.php:26
Stack trace:
#0 C:\xampp\htdocs\mind\self-care.php(26): PDO->prepare('INSERT INTO use...')
#1 {main}
  thrown in C:\xampp\htdocs\mind\self-care.php on line 26
[09-Apr-2025 21:45:42 Europe/Berlin] PHP Warning:  Trying to access array offset on value of type bool in C:\xampp\htdocs\mind\self-care.php on line 163
[09-Apr-2025 21:45:42 Europe/Berlin] PHP Warning:  Trying to access array offset on value of type bool in C:\xampp\htdocs\mind\self-care.php on line 167
[09-Apr-2025 21:45:42 Europe/Berlin] PHP Warning:  Trying to access array offset on value of type bool in C:\xampp\htdocs\mind\self-care.php on line 171
[09-Apr-2025 21:45:42 Europe/Berlin] PHP Warning:  Undefined variable $activities in C:\xampp\htdocs\mind\self-care.php on line 178
[09-Apr-2025 21:45:42 Europe/Berlin] PHP Warning:  foreach() argument must be of type array|object, null given in C:\xampp\htdocs\mind\self-care.php on line 178
[09-Apr-2025 21:45:46 Europe/Berlin] PHP Warning:  Trying to access array offset on value of type bool in C:\xampp\htdocs\mind\self-care.php on line 163
[09-Apr-2025 21:45:46 Europe/Berlin] PHP Warning:  Trying to access array offset on value of type bool in C:\xampp\htdocs\mind\self-care.php on line 167
[09-Apr-2025 21:45:46 Europe/Berlin] PHP Warning:  Trying to access array offset on value of type bool in C:\xampp\htdocs\mind\self-care.php on line 171
[09-Apr-2025 21:45:46 Europe/Berlin] PHP Warning:  Undefined variable $activities in C:\xampp\htdocs\mind\self-care.php on line 178
[09-Apr-2025 21:45:46 Europe/Berlin] PHP Warning:  foreach() argument must be of type array|object, null given in C:\xampp\htdocs\mind\self-care.php on line 178
[09-Apr-2025 21:45:52 Europe/Berlin] PHP Warning:  Trying to access array offset on value of type bool in C:\xampp\htdocs\mind\self-care.php on line 163
[09-Apr-2025 21:45:52 Europe/Berlin] PHP Warning:  Trying to access array offset on value of type bool in C:\xampp\htdocs\mind\self-care.php on line 167
[09-Apr-2025 21:45:52 Europe/Berlin] PHP Warning:  Trying to access array offset on value of type bool in C:\xampp\htdocs\mind\self-care.php on line 171
[09-Apr-2025 21:45:52 Europe/Berlin] PHP Warning:  Undefined variable $activities in C:\xampp\htdocs\mind\self-care.php on line 178
[09-Apr-2025 21:45:52 Europe/Berlin] PHP Warning:  foreach() argument must be of type array|object, null given in C:\xampp\htdocs\mind\self-care.php on line 178
[09-Apr-2025 21:47:07 Europe/Berlin] PHP Warning:  Trying to access array offset on value of type bool in C:\xampp\htdocs\mind\self-care.php on line 163
[09-Apr-2025 21:47:07 Europe/Berlin] PHP Warning:  Trying to access array offset on value of type bool in C:\xampp\htdocs\mind\self-care.php on line 167
[09-Apr-2025 21:47:07 Europe/Berlin] PHP Warning:  Trying to access array offset on value of type bool in C:\xampp\htdocs\mind\self-care.php on line 171
[09-Apr-2025 21:47:07 Europe/Berlin] PHP Warning:  Undefined variable $activities in C:\xampp\htdocs\mind\self-care.php on line 178
[09-Apr-2025 21:47:07 Europe/Berlin] PHP Warning:  foreach() argument must be of type array|object, null given in C:\xampp\htdocs\mind\self-care.php on line 178
[09-Apr-2025 21:47:07 Europe/Berlin] PHP Warning:  Trying to access array offset on value of type bool in C:\xampp\htdocs\mind\self-care.php on line 163
[09-Apr-2025 21:47:07 Europe/Berlin] PHP Warning:  Trying to access array offset on value of type bool in C:\xampp\htdocs\mind\self-care.php on line 167
[09-Apr-2025 21:47:07 Europe/Berlin] PHP Warning:  Trying to access array offset on value of type bool in C:\xampp\htdocs\mind\self-care.php on line 171
[09-Apr-2025 21:47:07 Europe/Berlin] PHP Warning:  Undefined variable $activities in C:\xampp\htdocs\mind\self-care.php on line 178
[09-Apr-2025 21:47:07 Europe/Berlin] PHP Warning:  foreach() argument must be of type array|object, null given in C:\xampp\htdocs\mind\self-care.php on line 178
[09-Apr-2025 21:47:11 Europe/Berlin] PHP Warning:  Trying to access array offset on value of type bool in C:\xampp\htdocs\mind\self-care.php on line 163
[09-Apr-2025 21:47:11 Europe/Berlin] PHP Warning:  Trying to access array offset on value of type bool in C:\xampp\htdocs\mind\self-care.php on line 167
[09-Apr-2025 21:47:11 Europe/Berlin] PHP Warning:  Trying to access array offset on value of type bool in C:\xampp\htdocs\mind\self-care.php on line 171
[09-Apr-2025 21:47:11 Europe/Berlin] PHP Warning:  Undefined variable $activities in C:\xampp\htdocs\mind\self-care.php on line 178
[09-Apr-2025 21:47:11 Europe/Berlin] PHP Warning:  foreach() argument must be of type array|object, null given in C:\xampp\htdocs\mind\self-care.php on line 178
[09-Apr-2025 21:47:11 Europe/Berlin] PHP Warning:  Trying to access array offset on value of type bool in C:\xampp\htdocs\mind\self-care.php on line 163
[09-Apr-2025 21:47:11 Europe/Berlin] PHP Warning:  Trying to access array offset on value of type bool in C:\xampp\htdocs\mind\self-care.php on line 167
[09-Apr-2025 21:47:11 Europe/Berlin] PHP Warning:  Trying to access array offset on value of type bool in C:\xampp\htdocs\mind\self-care.php on line 171
[09-Apr-2025 21:47:11 Europe/Berlin] PHP Warning:  Undefined variable $activities in C:\xampp\htdocs\mind\self-care.php on line 178
[09-Apr-2025 21:47:11 Europe/Berlin] PHP Warning:  foreach() argument must be of type array|object, null given in C:\xampp\htdocs\mind\self-care.php on line 178
[09-Apr-2025 21:47:13 Europe/Berlin] PHP Warning:  Trying to access array offset on value of type bool in C:\xampp\htdocs\mind\self-care.php on line 163
[09-Apr-2025 21:47:13 Europe/Berlin] PHP Warning:  Trying to access array offset on value of type bool in C:\xampp\htdocs\mind\self-care.php on line 167
[09-Apr-2025 21:47:13 Europe/Berlin] PHP Warning:  Trying to access array offset on value of type bool in C:\xampp\htdocs\mind\self-care.php on line 171
[09-Apr-2025 21:47:13 Europe/Berlin] PHP Warning:  Undefined variable $activities in C:\xampp\htdocs\mind\self-care.php on line 178
[09-Apr-2025 21:47:13 Europe/Berlin] PHP Warning:  foreach() argument must be of type array|object, null given in C:\xampp\htdocs\mind\self-care.php on line 178
[09-Apr-2025 21:47:14 Europe/Berlin] PHP Warning:  Trying to access array offset on value of type bool in C:\xampp\htdocs\mind\self-care.php on line 163
[09-Apr-2025 21:47:14 Europe/Berlin] PHP Warning:  Trying to access array offset on value of type bool in C:\xampp\htdocs\mind\self-care.php on line 167
[09-Apr-2025 21:47:14 Europe/Berlin] PHP Warning:  Trying to access array offset on value of type bool in C:\xampp\htdocs\mind\self-care.php on line 171
[09-Apr-2025 21:47:14 Europe/Berlin] PHP Warning:  Undefined variable $activities in C:\xampp\htdocs\mind\self-care.php on line 178
[09-Apr-2025 21:47:14 Europe/Berlin] PHP Warning:  foreach() argument must be of type array|object, null given in C:\xampp\htdocs\mind\self-care.php on line 178
[09-Apr-2025 21:47:14 Europe/Berlin] PHP Warning:  Trying to access array offset on value of type bool in C:\xampp\htdocs\mind\self-care.php on line 163
[09-Apr-2025 21:47:14 Europe/Berlin] PHP Warning:  Trying to access array offset on value of type bool in C:\xampp\htdocs\mind\self-care.php on line 167
[09-Apr-2025 21:47:14 Europe/Berlin] PHP Warning:  Trying to access array offset on value of type bool in C:\xampp\htdocs\mind\self-care.php on line 171
[09-Apr-2025 21:47:14 Europe/Berlin] PHP Warning:  Undefined variable $activities in C:\xampp\htdocs\mind\self-care.php on line 178
[09-Apr-2025 21:47:14 Europe/Berlin] PHP Warning:  foreach() argument must be of type array|object, null given in C:\xampp\htdocs\mind\self-care.php on line 178
[09-Apr-2025 21:47:14 Europe/Berlin] PHP Warning:  Trying to access array offset on value of type bool in C:\xampp\htdocs\mind\self-care.php on line 163
[09-Apr-2025 21:47:14 Europe/Berlin] PHP Warning:  Trying to access array offset on value of type bool in C:\xampp\htdocs\mind\self-care.php on line 167
[09-Apr-2025 21:47:14 Europe/Berlin] PHP Warning:  Trying to access array offset on value of type bool in C:\xampp\htdocs\mind\self-care.php on line 171
[09-Apr-2025 21:47:14 Europe/Berlin] PHP Warning:  Undefined variable $activities in C:\xampp\htdocs\mind\self-care.php on line 178
[09-Apr-2025 21:47:14 Europe/Berlin] PHP Warning:  foreach() argument must be of type array|object, null given in C:\xampp\htdocs\mind\self-care.php on line 178
[09-Apr-2025 21:47:14 Europe/Berlin] PHP Warning:  Trying to access array offset on value of type bool in C:\xampp\htdocs\mind\self-care.php on line 163
[09-Apr-2025 21:47:14 Europe/Berlin] PHP Warning:  Trying to access array offset on value of type bool in C:\xampp\htdocs\mind\self-care.php on line 167
[09-Apr-2025 21:47:14 Europe/Berlin] PHP Warning:  Trying to access array offset on value of type bool in C:\xampp\htdocs\mind\self-care.php on line 171
[09-Apr-2025 21:47:14 Europe/Berlin] PHP Warning:  Undefined variable $activities in C:\xampp\htdocs\mind\self-care.php on line 178
[09-Apr-2025 21:47:14 Europe/Berlin] PHP Warning:  foreach() argument must be of type array|object, null given in C:\xampp\htdocs\mind\self-care.php on line 178
[09-Apr-2025 21:47:44 Europe/Berlin] PHP Warning:  Trying to access array offset on value of type bool in C:\xampp\htdocs\mind\self-care.php on line 163
[09-Apr-2025 21:47:44 Europe/Berlin] PHP Warning:  Trying to access array offset on value of type bool in C:\xampp\htdocs\mind\self-care.php on line 167
[09-Apr-2025 21:47:44 Europe/Berlin] PHP Warning:  Trying to access array offset on value of type bool in C:\xampp\htdocs\mind\self-care.php on line 171
[09-Apr-2025 21:47:44 Europe/Berlin] PHP Warning:  Undefined variable $activities in C:\xampp\htdocs\mind\self-care.php on line 178
[09-Apr-2025 21:47:44 Europe/Berlin] PHP Warning:  foreach() argument must be of type array|object, null given in C:\xampp\htdocs\mind\self-care.php on line 178
[09-Apr-2025 21:47:44 Europe/Berlin] PHP Warning:  Trying to access array offset on value of type bool in C:\xampp\htdocs\mind\self-care.php on line 163
[09-Apr-2025 21:47:44 Europe/Berlin] PHP Warning:  Trying to access array offset on value of type bool in C:\xampp\htdocs\mind\self-care.php on line 167
[09-Apr-2025 21:47:44 Europe/Berlin] PHP Warning:  Trying to access array offset on value of type bool in C:\xampp\htdocs\mind\self-care.php on line 171
[09-Apr-2025 21:47:44 Europe/Berlin] PHP Warning:  Undefined variable $activities in C:\xampp\htdocs\mind\self-care.php on line 178
[09-Apr-2025 21:47:44 Europe/Berlin] PHP Warning:  foreach() argument must be of type array|object, null given in C:\xampp\htdocs\mind\self-care.php on line 178
[09-Apr-2025 21:47:45 Europe/Berlin] PHP Warning:  Trying to access array offset on value of type bool in C:\xampp\htdocs\mind\self-care.php on line 163
[09-Apr-2025 21:47:45 Europe/Berlin] PHP Warning:  Trying to access array offset on value of type bool in C:\xampp\htdocs\mind\self-care.php on line 167
[09-Apr-2025 21:47:45 Europe/Berlin] PHP Warning:  Trying to access array offset on value of type bool in C:\xampp\htdocs\mind\self-care.php on line 171
[09-Apr-2025 21:47:45 Europe/Berlin] PHP Warning:  Undefined variable $activities in C:\xampp\htdocs\mind\self-care.php on line 178
[09-Apr-2025 21:47:45 Europe/Berlin] PHP Warning:  foreach() argument must be of type array|object, null given in C:\xampp\htdocs\mind\self-care.php on line 178
[09-Apr-2025 21:47:57 Europe/Berlin] PHP Warning:  Trying to access array offset on value of type bool in C:\xampp\htdocs\mind\self-care.php on line 163
[09-Apr-2025 21:47:57 Europe/Berlin] PHP Warning:  Trying to access array offset on value of type bool in C:\xampp\htdocs\mind\self-care.php on line 167
[09-Apr-2025 21:47:57 Europe/Berlin] PHP Warning:  Trying to access array offset on value of type bool in C:\xampp\htdocs\mind\self-care.php on line 171
[09-Apr-2025 21:47:57 Europe/Berlin] PHP Warning:  Undefined variable $activities in C:\xampp\htdocs\mind\self-care.php on line 178
[09-Apr-2025 21:47:57 Europe/Berlin] PHP Warning:  foreach() argument must be of type array|object, null given in C:\xampp\htdocs\mind\self-care.php on line 178
[09-Apr-2025 21:47:59 Europe/Berlin] PHP Warning:  Trying to access array offset on value of type bool in C:\xampp\htdocs\mind\self-care.php on line 163
[09-Apr-2025 21:47:59 Europe/Berlin] PHP Warning:  Trying to access array offset on value of type bool in C:\xampp\htdocs\mind\self-care.php on line 167
[09-Apr-2025 21:47:59 Europe/Berlin] PHP Warning:  Trying to access array offset on value of type bool in C:\xampp\htdocs\mind\self-care.php on line 171
[09-Apr-2025 21:47:59 Europe/Berlin] PHP Warning:  Undefined variable $activities in C:\xampp\htdocs\mind\self-care.php on line 178
[09-Apr-2025 21:47:59 Europe/Berlin] PHP Warning:  foreach() argument must be of type array|object, null given in C:\xampp\htdocs\mind\self-care.php on line 178
[09-Apr-2025 21:49:53 Europe/Berlin] PHP Warning:  Trying to access array offset on value of type bool in C:\xampp\htdocs\mind\self-care.php on line 163
[09-Apr-2025 21:49:53 Europe/Berlin] PHP Warning:  Trying to access array offset on value of type bool in C:\xampp\htdocs\mind\self-care.php on line 167
[09-Apr-2025 21:49:53 Europe/Berlin] PHP Warning:  Trying to access array offset on value of type bool in C:\xampp\htdocs\mind\self-care.php on line 171
[09-Apr-2025 21:49:53 Europe/Berlin] PHP Warning:  Undefined variable $activities in C:\xampp\htdocs\mind\self-care.php on line 178
[09-Apr-2025 21:49:53 Europe/Berlin] PHP Warning:  foreach() argument must be of type array|object, null given in C:\xampp\htdocs\mind\self-care.php on line 178
[09-Apr-2025 21:49:54 Europe/Berlin] PHP Warning:  Trying to access array offset on value of type bool in C:\xampp\htdocs\mind\self-care.php on line 163
[09-Apr-2025 21:49:54 Europe/Berlin] PHP Warning:  Trying to access array offset on value of type bool in C:\xampp\htdocs\mind\self-care.php on line 167
[09-Apr-2025 21:49:54 Europe/Berlin] PHP Warning:  Trying to access array offset on value of type bool in C:\xampp\htdocs\mind\self-care.php on line 171
[09-Apr-2025 21:49:54 Europe/Berlin] PHP Warning:  Undefined variable $activities in C:\xampp\htdocs\mind\self-care.php on line 178
[09-Apr-2025 21:49:54 Europe/Berlin] PHP Warning:  foreach() argument must be of type array|object, null given in C:\xampp\htdocs\mind\self-care.php on line 178
[09-Apr-2025 21:49:54 Europe/Berlin] PHP Warning:  Trying to access array offset on value of type bool in C:\xampp\htdocs\mind\self-care.php on line 163
[09-Apr-2025 21:49:54 Europe/Berlin] PHP Warning:  Trying to access array offset on value of type bool in C:\xampp\htdocs\mind\self-care.php on line 167
[09-Apr-2025 21:49:54 Europe/Berlin] PHP Warning:  Trying to access array offset on value of type bool in C:\xampp\htdocs\mind\self-care.php on line 171
[09-Apr-2025 21:49:54 Europe/Berlin] PHP Warning:  Undefined variable $activities in C:\xampp\htdocs\mind\self-care.php on line 178
[09-Apr-2025 21:49:54 Europe/Berlin] PHP Warning:  foreach() argument must be of type array|object, null given in C:\xampp\htdocs\mind\self-care.php on line 178
[09-Apr-2025 21:49:55 Europe/Berlin] PHP Warning:  Trying to access array offset on value of type bool in C:\xampp\htdocs\mind\self-care.php on line 163
[09-Apr-2025 21:49:55 Europe/Berlin] PHP Warning:  Trying to access array offset on value of type bool in C:\xampp\htdocs\mind\self-care.php on line 167
[09-Apr-2025 21:49:55 Europe/Berlin] PHP Warning:  Trying to access array offset on value of type bool in C:\xampp\htdocs\mind\self-care.php on line 171
[09-Apr-2025 21:49:55 Europe/Berlin] PHP Warning:  Undefined variable $activities in C:\xampp\htdocs\mind\self-care.php on line 178
[09-Apr-2025 21:49:55 Europe/Berlin] PHP Warning:  foreach() argument must be of type array|object, null given in C:\xampp\htdocs\mind\self-care.php on line 178
[09-Apr-2025 21:49:59 Europe/Berlin] PHP Warning:  Trying to access array offset on value of type bool in C:\xampp\htdocs\mind\self-care.php on line 163
[09-Apr-2025 21:49:59 Europe/Berlin] PHP Warning:  Trying to access array offset on value of type bool in C:\xampp\htdocs\mind\self-care.php on line 167
[09-Apr-2025 21:49:59 Europe/Berlin] PHP Warning:  Trying to access array offset on value of type bool in C:\xampp\htdocs\mind\self-care.php on line 171
[09-Apr-2025 21:49:59 Europe/Berlin] PHP Warning:  Undefined variable $activities in C:\xampp\htdocs\mind\self-care.php on line 178
[09-Apr-2025 21:49:59 Europe/Berlin] PHP Warning:  foreach() argument must be of type array|object, null given in C:\xampp\htdocs\mind\self-care.php on line 178
[09-Apr-2025 21:52:10 Europe/Berlin] PHP Warning:  Trying to access array offset on value of type bool in C:\xampp\htdocs\mind\self-care.php on line 324
[09-Apr-2025 21:52:10 Europe/Berlin] PHP Warning:  Trying to access array offset on value of type bool in C:\xampp\htdocs\mind\self-care.php on line 328
[09-Apr-2025 21:52:10 Europe/Berlin] PHP Warning:  Trying to access array offset on value of type bool in C:\xampp\htdocs\mind\self-care.php on line 332
[09-Apr-2025 21:52:10 Europe/Berlin] PHP Warning:  Undefined variable $activities in C:\xampp\htdocs\mind\self-care.php on line 339
[09-Apr-2025 21:52:10 Europe/Berlin] PHP Warning:  foreach() argument must be of type array|object, null given in C:\xampp\htdocs\mind\self-care.php on line 339
[09-Apr-2025 21:52:11 Europe/Berlin] PHP Warning:  Trying to access array offset on value of type bool in C:\xampp\htdocs\mind\self-care.php on line 324
[09-Apr-2025 21:52:11 Europe/Berlin] PHP Warning:  Trying to access array offset on value of type bool in C:\xampp\htdocs\mind\self-care.php on line 328
[09-Apr-2025 21:52:11 Europe/Berlin] PHP Warning:  Trying to access array offset on value of type bool in C:\xampp\htdocs\mind\self-care.php on line 332
[09-Apr-2025 21:52:11 Europe/Berlin] PHP Warning:  Undefined variable $activities in C:\xampp\htdocs\mind\self-care.php on line 339
[09-Apr-2025 21:52:11 Europe/Berlin] PHP Warning:  foreach() argument must be of type array|object, null given in C:\xampp\htdocs\mind\self-care.php on line 339
[09-Apr-2025 21:52:11 Europe/Berlin] PHP Warning:  Trying to access array offset on value of type bool in C:\xampp\htdocs\mind\self-care.php on line 324
[09-Apr-2025 21:52:11 Europe/Berlin] PHP Warning:  Trying to access array offset on value of type bool in C:\xampp\htdocs\mind\self-care.php on line 328
[09-Apr-2025 21:52:11 Europe/Berlin] PHP Warning:  Trying to access array offset on value of type bool in C:\xampp\htdocs\mind\self-care.php on line 332
[09-Apr-2025 21:52:11 Europe/Berlin] PHP Warning:  Undefined variable $activities in C:\xampp\htdocs\mind\self-care.php on line 339
[09-Apr-2025 21:52:11 Europe/Berlin] PHP Warning:  foreach() argument must be of type array|object, null given in C:\xampp\htdocs\mind\self-care.php on line 339
[09-Apr-2025 21:52:11 Europe/Berlin] PHP Warning:  Trying to access array offset on value of type bool in C:\xampp\htdocs\mind\self-care.php on line 324
[09-Apr-2025 21:52:11 Europe/Berlin] PHP Warning:  Trying to access array offset on value of type bool in C:\xampp\htdocs\mind\self-care.php on line 328
[09-Apr-2025 21:52:11 Europe/Berlin] PHP Warning:  Trying to access array offset on value of type bool in C:\xampp\htdocs\mind\self-care.php on line 332
[09-Apr-2025 21:52:11 Europe/Berlin] PHP Warning:  Undefined variable $activities in C:\xampp\htdocs\mind\self-care.php on line 339
[09-Apr-2025 21:52:11 Europe/Berlin] PHP Warning:  foreach() argument must be of type array|object, null given in C:\xampp\htdocs\mind\self-care.php on line 339
[09-Apr-2025 21:52:11 Europe/Berlin] PHP Warning:  Trying to access array offset on value of type bool in C:\xampp\htdocs\mind\self-care.php on line 324
[09-Apr-2025 21:52:11 Europe/Berlin] PHP Warning:  Trying to access array offset on value of type bool in C:\xampp\htdocs\mind\self-care.php on line 328
[09-Apr-2025 21:52:11 Europe/Berlin] PHP Warning:  Trying to access array offset on value of type bool in C:\xampp\htdocs\mind\self-care.php on line 332
[09-Apr-2025 21:52:11 Europe/Berlin] PHP Warning:  Undefined variable $activities in C:\xampp\htdocs\mind\self-care.php on line 339
[09-Apr-2025 21:52:11 Europe/Berlin] PHP Warning:  foreach() argument must be of type array|object, null given in C:\xampp\htdocs\mind\self-care.php on line 339
[09-Apr-2025 21:52:16 Europe/Berlin] PHP Warning:  Trying to access array offset on value of type bool in C:\xampp\htdocs\mind\self-care.php on line 324
[09-Apr-2025 21:52:16 Europe/Berlin] PHP Warning:  Trying to access array offset on value of type bool in C:\xampp\htdocs\mind\self-care.php on line 328
[09-Apr-2025 21:52:16 Europe/Berlin] PHP Warning:  Trying to access array offset on value of type bool in C:\xampp\htdocs\mind\self-care.php on line 332
[09-Apr-2025 21:52:16 Europe/Berlin] PHP Warning:  Undefined variable $activities in C:\xampp\htdocs\mind\self-care.php on line 339
[09-Apr-2025 21:52:16 Europe/Berlin] PHP Warning:  foreach() argument must be of type array|object, null given in C:\xampp\htdocs\mind\self-care.php on line 339
[09-Apr-2025 21:54:25 Europe/Berlin] PHP Warning:  Trying to access array offset on value of type bool in C:\xampp\htdocs\mind\self-care.php on line 324
[09-Apr-2025 21:54:25 Europe/Berlin] PHP Warning:  Trying to access array offset on value of type bool in C:\xampp\htdocs\mind\self-care.php on line 328
[09-Apr-2025 21:54:25 Europe/Berlin] PHP Warning:  Trying to access array offset on value of type bool in C:\xampp\htdocs\mind\self-care.php on line 332
[09-Apr-2025 21:54:25 Europe/Berlin] PHP Warning:  Undefined variable $activities in C:\xampp\htdocs\mind\self-care.php on line 339
[09-Apr-2025 21:54:25 Europe/Berlin] PHP Warning:  foreach() argument must be of type array|object, null given in C:\xampp\htdocs\mind\self-care.php on line 339
[09-Apr-2025 21:55:55 Europe/Berlin] PHP Warning:  Trying to access array offset on value of type bool in C:\xampp\htdocs\mind\self-care.php on line 324
[09-Apr-2025 21:55:55 Europe/Berlin] PHP Warning:  Trying to access array offset on value of type bool in C:\xampp\htdocs\mind\self-care.php on line 328
[09-Apr-2025 21:55:55 Europe/Berlin] PHP Warning:  Trying to access array offset on value of type bool in C:\xampp\htdocs\mind\self-care.php on line 332
[09-Apr-2025 21:55:55 Europe/Berlin] PHP Warning:  Undefined variable $activities in C:\xampp\htdocs\mind\self-care.php on line 339
[09-Apr-2025 21:55:55 Europe/Berlin] PHP Warning:  foreach() argument must be of type array|object, null given in C:\xampp\htdocs\mind\self-care.php on line 339
[09-Apr-2025 21:55:56 Europe/Berlin] PHP Warning:  Trying to access array offset on value of type bool in C:\xampp\htdocs\mind\self-care.php on line 324
[09-Apr-2025 21:55:56 Europe/Berlin] PHP Warning:  Trying to access array offset on value of type bool in C:\xampp\htdocs\mind\self-care.php on line 328
[09-Apr-2025 21:55:56 Europe/Berlin] PHP Warning:  Trying to access array offset on value of type bool in C:\xampp\htdocs\mind\self-care.php on line 332
[09-Apr-2025 21:55:56 Europe/Berlin] PHP Warning:  Undefined variable $activities in C:\xampp\htdocs\mind\self-care.php on line 339
[09-Apr-2025 21:55:56 Europe/Berlin] PHP Warning:  foreach() argument must be of type array|object, null given in C:\xampp\htdocs\mind\self-care.php on line 339
[09-Apr-2025 21:55:56 Europe/Berlin] PHP Warning:  Trying to access array offset on value of type bool in C:\xampp\htdocs\mind\self-care.php on line 324
[09-Apr-2025 21:55:56 Europe/Berlin] PHP Warning:  Trying to access array offset on value of type bool in C:\xampp\htdocs\mind\self-care.php on line 328
[09-Apr-2025 21:55:56 Europe/Berlin] PHP Warning:  Trying to access array offset on value of type bool in C:\xampp\htdocs\mind\self-care.php on line 332
[09-Apr-2025 21:55:56 Europe/Berlin] PHP Warning:  Undefined variable $activities in C:\xampp\htdocs\mind\self-care.php on line 339
[09-Apr-2025 21:55:56 Europe/Berlin] PHP Warning:  foreach() argument must be of type array|object, null given in C:\xampp\htdocs\mind\self-care.php on line 339
[09-Apr-2025 21:55:56 Europe/Berlin] PHP Warning:  Trying to access array offset on value of type bool in C:\xampp\htdocs\mind\self-care.php on line 324
[09-Apr-2025 21:55:56 Europe/Berlin] PHP Warning:  Trying to access array offset on value of type bool in C:\xampp\htdocs\mind\self-care.php on line 328
[09-Apr-2025 21:55:56 Europe/Berlin] PHP Warning:  Trying to access array offset on value of type bool in C:\xampp\htdocs\mind\self-care.php on line 332
[09-Apr-2025 21:55:56 Europe/Berlin] PHP Warning:  Undefined variable $activities in C:\xampp\htdocs\mind\self-care.php on line 339
[09-Apr-2025 21:55:56 Europe/Berlin] PHP Warning:  foreach() argument must be of type array|object, null given in C:\xampp\htdocs\mind\self-care.php on line 339
[09-Apr-2025 21:55:56 Europe/Berlin] PHP Warning:  Trying to access array offset on value of type bool in C:\xampp\htdocs\mind\self-care.php on line 324
[09-Apr-2025 21:55:56 Europe/Berlin] PHP Warning:  Trying to access array offset on value of type bool in C:\xampp\htdocs\mind\self-care.php on line 328
[09-Apr-2025 21:55:56 Europe/Berlin] PHP Warning:  Trying to access array offset on value of type bool in C:\xampp\htdocs\mind\self-care.php on line 332
[09-Apr-2025 21:55:56 Europe/Berlin] PHP Warning:  Undefined variable $activities in C:\xampp\htdocs\mind\self-care.php on line 339
[09-Apr-2025 21:55:56 Europe/Berlin] PHP Warning:  foreach() argument must be of type array|object, null given in C:\xampp\htdocs\mind\self-care.php on line 339
[09-Apr-2025 21:55:56 Europe/Berlin] PHP Warning:  Trying to access array offset on value of type bool in C:\xampp\htdocs\mind\self-care.php on line 324
[09-Apr-2025 21:55:56 Europe/Berlin] PHP Warning:  Trying to access array offset on value of type bool in C:\xampp\htdocs\mind\self-care.php on line 328
[09-Apr-2025 21:55:56 Europe/Berlin] PHP Warning:  Trying to access array offset on value of type bool in C:\xampp\htdocs\mind\self-care.php on line 332
[09-Apr-2025 21:55:56 Europe/Berlin] PHP Warning:  Undefined variable $activities in C:\xampp\htdocs\mind\self-care.php on line 339
[09-Apr-2025 21:55:56 Europe/Berlin] PHP Warning:  foreach() argument must be of type array|object, null given in C:\xampp\htdocs\mind\self-care.php on line 339
[09-Apr-2025 21:55:57 Europe/Berlin] PHP Warning:  Trying to access array offset on value of type bool in C:\xampp\htdocs\mind\self-care.php on line 324
[09-Apr-2025 21:55:57 Europe/Berlin] PHP Warning:  Trying to access array offset on value of type bool in C:\xampp\htdocs\mind\self-care.php on line 328
[09-Apr-2025 21:55:57 Europe/Berlin] PHP Warning:  Trying to access array offset on value of type bool in C:\xampp\htdocs\mind\self-care.php on line 332
[09-Apr-2025 21:55:57 Europe/Berlin] PHP Warning:  Undefined variable $activities in C:\xampp\htdocs\mind\self-care.php on line 339
[09-Apr-2025 21:55:57 Europe/Berlin] PHP Warning:  foreach() argument must be of type array|object, null given in C:\xampp\htdocs\mind\self-care.php on line 339
[09-Apr-2025 21:56:12 Europe/Berlin] PHP Warning:  Trying to access array offset on value of type bool in C:\xampp\htdocs\mind\self-care.php on line 324
[09-Apr-2025 21:56:12 Europe/Berlin] PHP Warning:  Trying to access array offset on value of type bool in C:\xampp\htdocs\mind\self-care.php on line 328
[09-Apr-2025 21:56:12 Europe/Berlin] PHP Warning:  Trying to access array offset on value of type bool in C:\xampp\htdocs\mind\self-care.php on line 332
[09-Apr-2025 21:56:12 Europe/Berlin] PHP Warning:  Undefined variable $activities in C:\xampp\htdocs\mind\self-care.php on line 339
[09-Apr-2025 21:56:12 Europe/Berlin] PHP Warning:  foreach() argument must be of type array|object, null given in C:\xampp\htdocs\mind\self-care.php on line 339
[09-Apr-2025 21:56:13 Europe/Berlin] PHP Warning:  Trying to access array offset on value of type bool in C:\xampp\htdocs\mind\self-care.php on line 324
[09-Apr-2025 21:56:13 Europe/Berlin] PHP Warning:  Trying to access array offset on value of type bool in C:\xampp\htdocs\mind\self-care.php on line 328
[09-Apr-2025 21:56:13 Europe/Berlin] PHP Warning:  Trying to access array offset on value of type bool in C:\xampp\htdocs\mind\self-care.php on line 332
[09-Apr-2025 21:56:13 Europe/Berlin] PHP Warning:  Undefined variable $activities in C:\xampp\htdocs\mind\self-care.php on line 339
[09-Apr-2025 21:56:13 Europe/Berlin] PHP Warning:  foreach() argument must be of type array|object, null given in C:\xampp\htdocs\mind\self-care.php on line 339
[09-Apr-2025 21:56:13 Europe/Berlin] PHP Warning:  Trying to access array offset on value of type bool in C:\xampp\htdocs\mind\self-care.php on line 324
[09-Apr-2025 21:56:13 Europe/Berlin] PHP Warning:  Trying to access array offset on value of type bool in C:\xampp\htdocs\mind\self-care.php on line 328
[09-Apr-2025 21:56:13 Europe/Berlin] PHP Warning:  Trying to access array offset on value of type bool in C:\xampp\htdocs\mind\self-care.php on line 332
[09-Apr-2025 21:56:13 Europe/Berlin] PHP Warning:  Undefined variable $activities in C:\xampp\htdocs\mind\self-care.php on line 339
[09-Apr-2025 21:56:13 Europe/Berlin] PHP Warning:  foreach() argument must be of type array|object, null given in C:\xampp\htdocs\mind\self-care.php on line 339
[09-Apr-2025 22:14:21 Europe/Berlin] PHP Warning:  ini_set(): Session ini settings cannot be changed when a session is active in C:\xampp\htdocs\mind\config.php on line 15
[09-Apr-2025 22:14:21 Europe/Berlin] PHP Warning:  ini_set(): Session ini settings cannot be changed when a session is active in C:\xampp\htdocs\mind\config.php on line 16
[09-Apr-2025 22:14:21 Europe/Berlin] PHP Warning:  ini_set(): Session ini settings cannot be changed when a session is active in C:\xampp\htdocs\mind\config.php on line 17
[09-Apr-2025 22:14:21 Europe/Berlin] PHP Warning:  ini_set(): Session ini settings cannot be changed when a session is active in C:\xampp\htdocs\mind\config.php on line 18
[09-Apr-2025 22:15:06 Europe/Berlin] PHP Warning:  ini_set(): Session ini settings cannot be changed when a session is active in C:\xampp\htdocs\mind\config.php on line 15
[09-Apr-2025 22:15:06 Europe/Berlin] PHP Warning:  ini_set(): Session ini settings cannot be changed when a session is active in C:\xampp\htdocs\mind\config.php on line 16
[09-Apr-2025 22:15:06 Europe/Berlin] PHP Warning:  ini_set(): Session ini settings cannot be changed when a session is active in C:\xampp\htdocs\mind\config.php on line 17
[09-Apr-2025 22:15:06 Europe/Berlin] PHP Warning:  ini_set(): Session ini settings cannot be changed when a session is active in C:\xampp\htdocs\mind\config.php on line 18
[09-Apr-2025 22:15:13 Europe/Berlin] PHP Warning:  ini_set(): Session ini settings cannot be changed when a session is active in C:\xampp\htdocs\mind\config.php on line 15
[09-Apr-2025 22:15:13 Europe/Berlin] PHP Warning:  ini_set(): Session ini settings cannot be changed when a session is active in C:\xampp\htdocs\mind\config.php on line 16
[09-Apr-2025 22:15:13 Europe/Berlin] PHP Warning:  ini_set(): Session ini settings cannot be changed when a session is active in C:\xampp\htdocs\mind\config.php on line 17
[09-Apr-2025 22:15:13 Europe/Berlin] PHP Warning:  ini_set(): Session ini settings cannot be changed when a session is active in C:\xampp\htdocs\mind\config.php on line 18
[09-Apr-2025 22:15:16 Europe/Berlin] PHP Warning:  ini_set(): Session ini settings cannot be changed when a session is active in C:\xampp\htdocs\mind\config.php on line 15
[09-Apr-2025 22:15:16 Europe/Berlin] PHP Warning:  ini_set(): Session ini settings cannot be changed when a session is active in C:\xampp\htdocs\mind\config.php on line 16
[09-Apr-2025 22:15:16 Europe/Berlin] PHP Warning:  ini_set(): Session ini settings cannot be changed when a session is active in C:\xampp\htdocs\mind\config.php on line 17
[09-Apr-2025 22:15:16 Europe/Berlin] PHP Warning:  ini_set(): Session ini settings cannot be changed when a session is active in C:\xampp\htdocs\mind\config.php on line 18
[09-Apr-2025 22:15:18 Europe/Berlin] PHP Warning:  ini_set(): Session ini settings cannot be changed when a session is active in C:\xampp\htdocs\mind\config.php on line 15
[09-Apr-2025 22:15:18 Europe/Berlin] PHP Warning:  ini_set(): Session ini settings cannot be changed when a session is active in C:\xampp\htdocs\mind\config.php on line 16
[09-Apr-2025 22:15:18 Europe/Berlin] PHP Warning:  ini_set(): Session ini settings cannot be changed when a session is active in C:\xampp\htdocs\mind\config.php on line 17
[09-Apr-2025 22:15:18 Europe/Berlin] PHP Warning:  ini_set(): Session ini settings cannot be changed when a session is active in C:\xampp\htdocs\mind\config.php on line 18
[09-Apr-2025 22:15:23 Europe/Berlin] PHP Warning:  ini_set(): Session ini settings cannot be changed when a session is active in C:\xampp\htdocs\mind\config.php on line 15
[09-Apr-2025 22:15:23 Europe/Berlin] PHP Warning:  ini_set(): Session ini settings cannot be changed when a session is active in C:\xampp\htdocs\mind\config.php on line 16
[09-Apr-2025 22:15:23 Europe/Berlin] PHP Warning:  ini_set(): Session ini settings cannot be changed when a session is active in C:\xampp\htdocs\mind\config.php on line 17
[09-Apr-2025 22:15:23 Europe/Berlin] PHP Warning:  ini_set(): Session ini settings cannot be changed when a session is active in C:\xampp\htdocs\mind\config.php on line 18
[09-Apr-2025 22:15:24 Europe/Berlin] PHP Warning:  ini_set(): Session ini settings cannot be changed when a session is active in C:\xampp\htdocs\mind\config.php on line 15
[09-Apr-2025 22:15:24 Europe/Berlin] PHP Warning:  ini_set(): Session ini settings cannot be changed when a session is active in C:\xampp\htdocs\mind\config.php on line 16
[09-Apr-2025 22:15:24 Europe/Berlin] PHP Warning:  ini_set(): Session ini settings cannot be changed when a session is active in C:\xampp\htdocs\mind\config.php on line 17
[09-Apr-2025 22:15:24 Europe/Berlin] PHP Warning:  ini_set(): Session ini settings cannot be changed when a session is active in C:\xampp\htdocs\mind\config.php on line 18
[09-Apr-2025 22:16:35 Europe/Berlin] PHP Warning:  ini_set(): Session ini settings cannot be changed when a session is active in C:\xampp\htdocs\mind\config.php on line 15
[09-Apr-2025 22:16:35 Europe/Berlin] PHP Warning:  ini_set(): Session ini settings cannot be changed when a session is active in C:\xampp\htdocs\mind\config.php on line 16
[09-Apr-2025 22:16:35 Europe/Berlin] PHP Warning:  ini_set(): Session ini settings cannot be changed when a session is active in C:\xampp\htdocs\mind\config.php on line 17
[09-Apr-2025 22:16:35 Europe/Berlin] PHP Warning:  ini_set(): Session ini settings cannot be changed when a session is active in C:\xampp\htdocs\mind\config.php on line 18
[09-Apr-2025 22:16:41 Europe/Berlin] PHP Warning:  ini_set(): Session ini settings cannot be changed when a session is active in C:\xampp\htdocs\mind\config.php on line 15
[09-Apr-2025 22:16:41 Europe/Berlin] PHP Warning:  ini_set(): Session ini settings cannot be changed when a session is active in C:\xampp\htdocs\mind\config.php on line 16
[09-Apr-2025 22:16:41 Europe/Berlin] PHP Warning:  ini_set(): Session ini settings cannot be changed when a session is active in C:\xampp\htdocs\mind\config.php on line 17
[09-Apr-2025 22:16:41 Europe/Berlin] PHP Warning:  ini_set(): Session ini settings cannot be changed when a session is active in C:\xampp\htdocs\mind\config.php on line 18
[09-Apr-2025 22:21:58 Europe/Berlin] PHP Fatal error:  Uncaught PDOException: SQLSTATE[42S02]: Base table or view not found: 1146 Table 'mindcare_db.posts' doesn't exist in C:\xampp\htdocs\mind\community.php:17
Stack trace:
#0 C:\xampp\htdocs\mind\community.php(17): PDO->prepare('\r\n    SELECT p....')
#1 {main}
  thrown in C:\xampp\htdocs\mind\community.php on line 17
[09-Apr-2025 22:22:02 Europe/Berlin] PHP Fatal error:  Uncaught PDOException: SQLSTATE[42S02]: Base table or view not found: 1146 Table 'mindcare_db.posts' doesn't exist in C:\xampp\htdocs\mind\community.php:17
Stack trace:
#0 C:\xampp\htdocs\mind\community.php(17): PDO->prepare('\r\n    SELECT p....')
#1 {main}
  thrown in C:\xampp\htdocs\mind\community.php on line 17
[09-Apr-2025 22:22:03 Europe/Berlin] PHP Fatal error:  Uncaught PDOException: SQLSTATE[42S02]: Base table or view not found: 1146 Table 'mindcare_db.posts' doesn't exist in C:\xampp\htdocs\mind\community.php:17
Stack trace:
#0 C:\xampp\htdocs\mind\community.php(17): PDO->prepare('\r\n    SELECT p....')
#1 {main}
  thrown in C:\xampp\htdocs\mind\community.php on line 17
[09-Apr-2025 22:22:03 Europe/Berlin] PHP Fatal error:  Uncaught PDOException: SQLSTATE[42S02]: Base table or view not found: 1146 Table 'mindcare_db.posts' doesn't exist in C:\xampp\htdocs\mind\community.php:17
Stack trace:
#0 C:\xampp\htdocs\mind\community.php(17): PDO->prepare('\r\n    SELECT p....')
#1 {main}
  thrown in C:\xampp\htdocs\mind\community.php on line 17
[09-Apr-2025 22:23:54 Europe/Berlin] PHP Fatal error:  Uncaught PDOException: SQLSTATE[42S02]: Base table or view not found: 1146 Table 'mindcare_db.posts' doesn't exist in C:\xampp\htdocs\mind\community.php:46
Stack trace:
#0 C:\xampp\htdocs\mind\community.php(46): PDO->prepare('\r\n    SELECT p....')
#1 {main}
  thrown in C:\xampp\htdocs\mind\community.php on line 46
[09-Apr-2025 22:24:05 Europe/Berlin] PHP Fatal error:  Uncaught PDOException: SQLSTATE[42S02]: Base table or view not found: 1146 Table 'mindcare_db.posts' doesn't exist in C:\xampp\htdocs\mind\community.php:46
Stack trace:
#0 C:\xampp\htdocs\mind\community.php(46): PDO->prepare('\r\n    SELECT p....')
#1 {main}
  thrown in C:\xampp\htdocs\mind\community.php on line 46
[09-Apr-2025 22:25:33 Europe/Berlin] PHP Fatal error:  Uncaught PDOException: SQLSTATE[42S02]: Base table or view not found: 1146 Table 'mindcare_db.posts' doesn't exist in C:\xampp\htdocs\mind\community.php:17
Stack trace:
#0 C:\xampp\htdocs\mind\community.php(17): PDO->prepare('\n    SELECT p.*...')
#1 {main}
  thrown in C:\xampp\htdocs\mind\community.php on line 17
[09-Apr-2025 22:27:08 Europe/Berlin] PHP Fatal error:  Uncaught PDOException: SQLSTATE[42S02]: Base table or view not found: 1146 Table 'mindcare_db.discussions' doesn't exist in C:\xampp\htdocs\mind\community.php:17
Stack trace:
#0 C:\xampp\htdocs\mind\community.php(17): PDO->prepare('\n    SELECT d.*...')
#1 {main}
  thrown in C:\xampp\htdocs\mind\community.php on line 17
[09-Apr-2025 22:27:15 Europe/Berlin] PHP Fatal error:  Uncaught PDOException: SQLSTATE[42S02]: Base table or view not found: 1146 Table 'mindcare_db.discussions' doesn't exist in C:\xampp\htdocs\mind\community.php:17
Stack trace:
#0 C:\xampp\htdocs\mind\community.php(17): PDO->prepare('\n    SELECT d.*...')
#1 {main}
  thrown in C:\xampp\htdocs\mind\community.php on line 17
[09-Apr-2025 22:31:33 Europe/Berlin] PHP Warning:  Trying to access array offset on value of type bool in C:\xampp\htdocs\mind\dashboard.php on line 18
[09-Apr-2025 22:31:33 Europe/Berlin] PHP Warning:  Trying to access array offset on value of type bool in C:\xampp\htdocs\mind\dashboard.php on line 196
[09-Apr-2025 22:31:33 Europe/Berlin] PHP Deprecated:  htmlspecialchars(): Passing null to parameter #1 ($string) of type string is deprecated in C:\xampp\htdocs\mind\dashboard.php on line 196
[09-Apr-2025 22:36:41 Europe/Berlin] PHP Warning:  Trying to access array offset on value of type bool in C:\xampp\htdocs\mind\dashboard.php on line 18
[09-Apr-2025 22:36:41 Europe/Berlin] PHP Warning:  Trying to access array offset on value of type bool in C:\xampp\htdocs\mind\dashboard.php on line 196
[09-Apr-2025 22:36:41 Europe/Berlin] PHP Deprecated:  htmlspecialchars(): Passing null to parameter #1 ($string) of type string is deprecated in C:\xampp\htdocs\mind\dashboard.php on line 196
[09-Apr-2025 23:26:31 Europe/Berlin] PHP Warning:  Undefined array key "username" in C:\xampp\htdocs\mind\dashboard.php on line 431
[09-Apr-2025 23:26:31 Europe/Berlin] PHP Deprecated:  htmlspecialchars(): Passing null to parameter #1 ($string) of type string is deprecated in C:\xampp\htdocs\mind\dashboard.php on line 431
[09-Apr-2025 23:28:37 Europe/Berlin] PHP Warning:  Undefined array key "username" in C:\xampp\htdocs\mind\dashboard.php on line 484
[09-Apr-2025 23:28:37 Europe/Berlin] PHP Deprecated:  htmlspecialchars(): Passing null to parameter #1 ($string) of type string is deprecated in C:\xampp\htdocs\mind\dashboard.php on line 484
[09-Apr-2025 23:30:02 Europe/Berlin] PHP Warning:  Undefined array key "username" in C:\xampp\htdocs\mind\dashboard.php on line 484
[09-Apr-2025 23:30:02 Europe/Berlin] PHP Deprecated:  htmlspecialchars(): Passing null to parameter #1 ($string) of type string is deprecated in C:\xampp\htdocs\mind\dashboard.php on line 484
[10-Apr-2025 00:19:45 Europe/Berlin] PHP Deprecated:  Constant FILTER_SANITIZE_STRING is deprecated in C:\xampp\htdocs\mind\login.php on line 38
[10-Apr-2025 01:10:29 Europe/Berlin] PHP Fatal error:  Uncaught PDOException: SQLSTATE[42S22]: Column not found: 1054 Unknown column 'entry_date' in 'field list' in C:\xampp\htdocs\mind\dashboard.php:115
Stack trace:
#0 C:\xampp\htdocs\mind\dashboard.php(115): PDO->prepare('SELECT entry_da...')
#1 {main}
  thrown in C:\xampp\htdocs\mind\dashboard.php on line 115
[10-Apr-2025 01:10:38 Europe/Berlin] PHP Fatal error:  Uncaught PDOException: SQLSTATE[42S22]: Column not found: 1054 Unknown column 'entry_date' in 'field list' in C:\xampp\htdocs\mind\dashboard.php:115
Stack trace:
#0 C:\xampp\htdocs\mind\dashboard.php(115): PDO->prepare('SELECT entry_da...')
#1 {main}
  thrown in C:\xampp\htdocs\mind\dashboard.php on line 115
[10-Apr-2025 01:11:57 Europe/Berlin] PHP Fatal error:  Uncaught PDOException: SQLSTATE[42S22]: Column not found: 1054 Unknown column 'entry_date' in 'field list' in C:\xampp\htdocs\mind\dashboard.php:110
Stack trace:
#0 C:\xampp\htdocs\mind\dashboard.php(110): PDO->prepare('SELECT entry_da...')
#1 {main}
  thrown in C:\xampp\htdocs\mind\dashboard.php on line 110
[10-Apr-2025 01:11:59 Europe/Berlin] PHP Fatal error:  Uncaught PDOException: SQLSTATE[42S22]: Column not found: 1054 Unknown column 'entry_date' in 'field list' in C:\xampp\htdocs\mind\dashboard.php:110
Stack trace:
#0 C:\xampp\htdocs\mind\dashboard.php(110): PDO->prepare('SELECT entry_da...')
#1 {main}
  thrown in C:\xampp\htdocs\mind\dashboard.php on line 110
[10-Apr-2025 01:11:59 Europe/Berlin] PHP Fatal error:  Uncaught PDOException: SQLSTATE[42S22]: Column not found: 1054 Unknown column 'entry_date' in 'field list' in C:\xampp\htdocs\mind\dashboard.php:110
Stack trace:
#0 C:\xampp\htdocs\mind\dashboard.php(110): PDO->prepare('SELECT entry_da...')
#1 {main}
  thrown in C:\xampp\htdocs\mind\dashboard.php on line 110
[10-Apr-2025 01:12:03 Europe/Berlin] PHP Fatal error:  Uncaught PDOException: SQLSTATE[42S22]: Column not found: 1054 Unknown column 'entry_date' in 'field list' in C:\xampp\htdocs\mind\dashboard.php:110
Stack trace:
#0 C:\xampp\htdocs\mind\dashboard.php(110): PDO->prepare('SELECT entry_da...')
#1 {main}
  thrown in C:\xampp\htdocs\mind\dashboard.php on line 110
[10-Apr-2025 07:45:27 Europe/Berlin] PHP Warning:  Undefined array key "profile_picture" in C:\xampp\htdocs\mind\dashboard.php on line 702
[10-Apr-2025 07:45:27 Europe/Berlin] PHP Deprecated:  htmlspecialchars(): Passing null to parameter #1 ($string) of type string is deprecated in C:\xampp\htdocs\mind\dashboard.php on line 702
[10-Apr-2025 07:45:27 Europe/Berlin] PHP Warning:  Undefined array key "name" in C:\xampp\htdocs\mind\dashboard.php on line 704
[10-Apr-2025 07:45:27 Europe/Berlin] PHP Deprecated:  htmlspecialchars(): Passing null to parameter #1 ($string) of type string is deprecated in C:\xampp\htdocs\mind\dashboard.php on line 704
[10-Apr-2025 07:46:36 Europe/Berlin] PHP Warning:  Undefined array key "profile_picture" in C:\xampp\htdocs\mind\dashboard.php on line 702
[10-Apr-2025 07:46:36 Europe/Berlin] PHP Deprecated:  htmlspecialchars(): Passing null to parameter #1 ($string) of type string is deprecated in C:\xampp\htdocs\mind\dashboard.php on line 702
[10-Apr-2025 07:46:36 Europe/Berlin] PHP Warning:  Undefined array key "name" in C:\xampp\htdocs\mind\dashboard.php on line 704
[10-Apr-2025 07:46:36 Europe/Berlin] PHP Deprecated:  htmlspecialchars(): Passing null to parameter #1 ($string) of type string is deprecated in C:\xampp\htdocs\mind\dashboard.php on line 704
[10-Apr-2025 07:51:16 Europe/Berlin] PHP Warning:  Undefined array key "profile_picture" in C:\xampp\htdocs\mind\dashboard.php on line 702
[10-Apr-2025 07:51:16 Europe/Berlin] PHP Deprecated:  htmlspecialchars(): Passing null to parameter #1 ($string) of type string is deprecated in C:\xampp\htdocs\mind\dashboard.php on line 702
[10-Apr-2025 07:51:16 Europe/Berlin] PHP Warning:  Undefined array key "name" in C:\xampp\htdocs\mind\dashboard.php on line 704
[10-Apr-2025 07:51:16 Europe/Berlin] PHP Deprecated:  htmlspecialchars(): Passing null to parameter #1 ($string) of type string is deprecated in C:\xampp\htdocs\mind\dashboard.php on line 704
[10-Apr-2025 07:51:16 Europe/Berlin] PHP Warning:  Undefined array key "profile_picture" in C:\xampp\htdocs\mind\dashboard.php on line 702
[10-Apr-2025 07:51:16 Europe/Berlin] PHP Deprecated:  htmlspecialchars(): Passing null to parameter #1 ($string) of type string is deprecated in C:\xampp\htdocs\mind\dashboard.php on line 702
[10-Apr-2025 07:51:16 Europe/Berlin] PHP Warning:  Undefined array key "name" in C:\xampp\htdocs\mind\dashboard.php on line 704
[10-Apr-2025 07:51:16 Europe/Berlin] PHP Deprecated:  htmlspecialchars(): Passing null to parameter #1 ($string) of type string is deprecated in C:\xampp\htdocs\mind\dashboard.php on line 704
[10-Apr-2025 07:51:16 Europe/Berlin] PHP Warning:  Undefined array key "profile_picture" in C:\xampp\htdocs\mind\dashboard.php on line 702
[10-Apr-2025 07:51:16 Europe/Berlin] PHP Deprecated:  htmlspecialchars(): Passing null to parameter #1 ($string) of type string is deprecated in C:\xampp\htdocs\mind\dashboard.php on line 702
[10-Apr-2025 07:51:16 Europe/Berlin] PHP Warning:  Undefined array key "name" in C:\xampp\htdocs\mind\dashboard.php on line 704
[10-Apr-2025 07:51:16 Europe/Berlin] PHP Deprecated:  htmlspecialchars(): Passing null to parameter #1 ($string) of type string is deprecated in C:\xampp\htdocs\mind\dashboard.php on line 704
[10-Apr-2025 08:14:33 Europe/Berlin] PHP Warning:  Undefined array key "profile_picture" in C:\xampp\htdocs\mind\dashboard.php on line 702
[10-Apr-2025 08:14:33 Europe/Berlin] PHP Deprecated:  htmlspecialchars(): Passing null to parameter #1 ($string) of type string is deprecated in C:\xampp\htdocs\mind\dashboard.php on line 702
[10-Apr-2025 08:14:33 Europe/Berlin] PHP Warning:  Undefined array key "name" in C:\xampp\htdocs\mind\dashboard.php on line 704
[10-Apr-2025 08:14:33 Europe/Berlin] PHP Deprecated:  htmlspecialchars(): Passing null to parameter #1 ($string) of type string is deprecated in C:\xampp\htdocs\mind\dashboard.php on line 704
[12-Apr-2025 17:39:37 Europe/Berlin] PHP Warning:  Undefined array key "profile_picture" in C:\xampp\htdocs\mind\dashboard.php on line 702
[12-Apr-2025 17:39:37 Europe/Berlin] PHP Deprecated:  htmlspecialchars(): Passing null to parameter #1 ($string) of type string is deprecated in C:\xampp\htdocs\mind\dashboard.php on line 702
[12-Apr-2025 17:39:37 Europe/Berlin] PHP Warning:  Undefined array key "name" in C:\xampp\htdocs\mind\dashboard.php on line 704
[12-Apr-2025 17:39:37 Europe/Berlin] PHP Deprecated:  htmlspecialchars(): Passing null to parameter #1 ($string) of type string is deprecated in C:\xampp\htdocs\mind\dashboard.php on line 704
[12-Apr-2025 17:41:27 Europe/Berlin] PHP Warning:  Undefined array key "profile_picture" in C:\xampp\htdocs\mind\dashboard.php on line 702
[12-Apr-2025 17:41:27 Europe/Berlin] PHP Deprecated:  htmlspecialchars(): Passing null to parameter #1 ($string) of type string is deprecated in C:\xampp\htdocs\mind\dashboard.php on line 702
[12-Apr-2025 17:41:27 Europe/Berlin] PHP Warning:  Undefined array key "name" in C:\xampp\htdocs\mind\dashboard.php on line 704
[12-Apr-2025 17:41:27 Europe/Berlin] PHP Deprecated:  htmlspecialchars(): Passing null to parameter #1 ($string) of type string is deprecated in C:\xampp\htdocs\mind\dashboard.php on line 704
[12-Apr-2025 17:42:00 Europe/Berlin] PHP Warning:  Undefined array key "profile_picture" in C:\xampp\htdocs\mind\dashboard.php on line 702
[12-Apr-2025 17:42:00 Europe/Berlin] PHP Deprecated:  htmlspecialchars(): Passing null to parameter #1 ($string) of type string is deprecated in C:\xampp\htdocs\mind\dashboard.php on line 702
[12-Apr-2025 17:42:00 Europe/Berlin] PHP Warning:  Undefined array key "name" in C:\xampp\htdocs\mind\dashboard.php on line 704
[12-Apr-2025 17:42:00 Europe/Berlin] PHP Deprecated:  htmlspecialchars(): Passing null to parameter #1 ($string) of type string is deprecated in C:\xampp\htdocs\mind\dashboard.php on line 704
[12-Apr-2025 17:42:11 Europe/Berlin] PHP Warning:  Undefined array key "profile_picture" in C:\xampp\htdocs\mind\dashboard.php on line 702
[12-Apr-2025 17:42:11 Europe/Berlin] PHP Deprecated:  htmlspecialchars(): Passing null to parameter #1 ($string) of type string is deprecated in C:\xampp\htdocs\mind\dashboard.php on line 702
[12-Apr-2025 17:42:11 Europe/Berlin] PHP Warning:  Undefined array key "name" in C:\xampp\htdocs\mind\dashboard.php on line 704
[12-Apr-2025 17:42:11 Europe/Berlin] PHP Deprecated:  htmlspecialchars(): Passing null to parameter #1 ($string) of type string is deprecated in C:\xampp\htdocs\mind\dashboard.php on line 704
[12-Apr-2025 17:42:37 Europe/Berlin] PHP Warning:  Undefined array key "profile_picture" in C:\xampp\htdocs\mind\dashboard.php on line 702
[12-Apr-2025 17:42:37 Europe/Berlin] PHP Deprecated:  htmlspecialchars(): Passing null to parameter #1 ($string) of type string is deprecated in C:\xampp\htdocs\mind\dashboard.php on line 702
[12-Apr-2025 17:42:37 Europe/Berlin] PHP Warning:  Undefined array key "name" in C:\xampp\htdocs\mind\dashboard.php on line 704
[12-Apr-2025 17:42:37 Europe/Berlin] PHP Deprecated:  htmlspecialchars(): Passing null to parameter #1 ($string) of type string is deprecated in C:\xampp\htdocs\mind\dashboard.php on line 704
[26-Apr-2025 10:40:59 Europe/Berlin] PHP Fatal error:  Uncaught PDOException: SQLSTATE[42S02]: Base table or view not found: 1146 Table 'mindcare_db.journal_entries' doesn't exist in C:\xampp\htdocs\mind\dashboard.php:752
Stack trace:
#0 C:\xampp\htdocs\mind\dashboard.php(752): PDO->prepare('\n              ...')
#1 {main}
  thrown in C:\xampp\htdocs\mind\dashboard.php on line 752
[26-Apr-2025 10:42:03 Europe/Berlin] PHP Fatal error:  Uncaught PDOException: SQLSTATE[42S02]: Base table or view not found: 1146 Table 'mindcare_db.journal_entries' doesn't exist in C:\xampp\htdocs\mind\dashboard.php:752
Stack trace:
#0 C:\xampp\htdocs\mind\dashboard.php(752): PDO->prepare('\n              ...')
#1 {main}
  thrown in C:\xampp\htdocs\mind\dashboard.php on line 752
[26-Apr-2025 10:42:06 Europe/Berlin] PHP Fatal error:  Uncaught PDOException: SQLSTATE[42S02]: Base table or view not found: 1146 Table 'mindcare_db.journal_entries' doesn't exist in C:\xampp\htdocs\mind\dashboard.php:752
Stack trace:
#0 C:\xampp\htdocs\mind\dashboard.php(752): PDO->prepare('\n              ...')
#1 {main}
  thrown in C:\xampp\htdocs\mind\dashboard.php on line 752
[26-Apr-2025 10:42:06 Europe/Berlin] PHP Fatal error:  Uncaught PDOException: SQLSTATE[42S02]: Base table or view not found: 1146 Table 'mindcare_db.journal_entries' doesn't exist in C:\xampp\htdocs\mind\dashboard.php:752
Stack trace:
#0 C:\xampp\htdocs\mind\dashboard.php(752): PDO->prepare('\n              ...')
#1 {main}
  thrown in C:\xampp\htdocs\mind\dashboard.php on line 752
[26-Apr-2025 10:42:06 Europe/Berlin] PHP Fatal error:  Uncaught PDOException: SQLSTATE[42S02]: Base table or view not found: 1146 Table 'mindcare_db.journal_entries' doesn't exist in C:\xampp\htdocs\mind\dashboard.php:752
Stack trace:
#0 C:\xampp\htdocs\mind\dashboard.php(752): PDO->prepare('\n              ...')
#1 {main}
  thrown in C:\xampp\htdocs\mind\dashboard.php on line 752
[26-Apr-2025 10:42:08 Europe/Berlin] PHP Fatal error:  Uncaught PDOException: SQLSTATE[42S02]: Base table or view not found: 1146 Table 'mindcare_db.journal_entries' doesn't exist in C:\xampp\htdocs\mind\dashboard.php:752
Stack trace:
#0 C:\xampp\htdocs\mind\dashboard.php(752): PDO->prepare('\n              ...')
#1 {main}
  thrown in C:\xampp\htdocs\mind\dashboard.php on line 752
[26-Apr-2025 10:42:08 Europe/Berlin] PHP Fatal error:  Uncaught PDOException: SQLSTATE[42S02]: Base table or view not found: 1146 Table 'mindcare_db.journal_entries' doesn't exist in C:\xampp\htdocs\mind\dashboard.php:752
Stack trace:
#0 C:\xampp\htdocs\mind\dashboard.php(752): PDO->prepare('\n              ...')
#1 {main}
  thrown in C:\xampp\htdocs\mind\dashboard.php on line 752
[26-Apr-2025 10:42:08 Europe/Berlin] PHP Fatal error:  Uncaught PDOException: SQLSTATE[42S02]: Base table or view not found: 1146 Table 'mindcare_db.journal_entries' doesn't exist in C:\xampp\htdocs\mind\dashboard.php:752
Stack trace:
#0 C:\xampp\htdocs\mind\dashboard.php(752): PDO->prepare('\n              ...')
#1 {main}
  thrown in C:\xampp\htdocs\mind\dashboard.php on line 752
[26-Apr-2025 10:42:09 Europe/Berlin] PHP Fatal error:  Uncaught PDOException: SQLSTATE[42S02]: Base table or view not found: 1146 Table 'mindcare_db.journal_entries' doesn't exist in C:\xampp\htdocs\mind\dashboard.php:752
Stack trace:
#0 C:\xampp\htdocs\mind\dashboard.php(752): PDO->prepare('\n              ...')
#1 {main}
  thrown in C:\xampp\htdocs\mind\dashboard.php on line 752
[26-Apr-2025 10:42:17 Europe/Berlin] PHP Fatal error:  Uncaught PDOException: SQLSTATE[42S02]: Base table or view not found: 1146 Table 'mindcare_db.journal_entries' doesn't exist in C:\xampp\htdocs\mind\dashboard.php:752
Stack trace:
#0 C:\xampp\htdocs\mind\dashboard.php(752): PDO->prepare('\n              ...')
#1 {main}
  thrown in C:\xampp\htdocs\mind\dashboard.php on line 752
[26-Apr-2025 10:44:49 Europe/Berlin] PHP Fatal error:  Uncaught PDOException: SQLSTATE[42S02]: Base table or view not found: 1146 Table 'mindcare_db.journal_entries' doesn't exist in C:\xampp\htdocs\mind\dashboard.php:752
Stack trace:
#0 C:\xampp\htdocs\mind\dashboard.php(752): PDO->prepare('\n              ...')
#1 {main}
  thrown in C:\xampp\htdocs\mind\dashboard.php on line 752
[26-Apr-2025 10:44:50 Europe/Berlin] PHP Fatal error:  Uncaught PDOException: SQLSTATE[42S02]: Base table or view not found: 1146 Table 'mindcare_db.journal_entries' doesn't exist in C:\xampp\htdocs\mind\dashboard.php:752
Stack trace:
#0 C:\xampp\htdocs\mind\dashboard.php(752): PDO->prepare('\n              ...')
#1 {main}
  thrown in C:\xampp\htdocs\mind\dashboard.php on line 752
[26-Apr-2025 10:44:50 Europe/Berlin] PHP Fatal error:  Uncaught PDOException: SQLSTATE[42S02]: Base table or view not found: 1146 Table 'mindcare_db.journal_entries' doesn't exist in C:\xampp\htdocs\mind\dashboard.php:752
Stack trace:
#0 C:\xampp\htdocs\mind\dashboard.php(752): PDO->prepare('\n              ...')
#1 {main}
  thrown in C:\xampp\htdocs\mind\dashboard.php on line 752
[26-Apr-2025 10:44:50 Europe/Berlin] PHP Fatal error:  Uncaught PDOException: SQLSTATE[42S02]: Base table or view not found: 1146 Table 'mindcare_db.journal_entries' doesn't exist in C:\xampp\htdocs\mind\dashboard.php:752
Stack trace:
#0 C:\xampp\htdocs\mind\dashboard.php(752): PDO->prepare('\n              ...')
#1 {main}
  thrown in C:\xampp\htdocs\mind\dashboard.php on line 752
[26-Apr-2025 10:44:51 Europe/Berlin] PHP Fatal error:  Uncaught PDOException: SQLSTATE[42S02]: Base table or view not found: 1146 Table 'mindcare_db.journal_entries' doesn't exist in C:\xampp\htdocs\mind\dashboard.php:752
Stack trace:
#0 C:\xampp\htdocs\mind\dashboard.php(752): PDO->prepare('\n              ...')
#1 {main}
  thrown in C:\xampp\htdocs\mind\dashboard.php on line 752
[26-Apr-2025 10:44:57 Europe/Berlin] PHP Fatal error:  Uncaught PDOException: SQLSTATE[42S02]: Base table or view not found: 1146 Table 'mindcare_db.journal_entries' doesn't exist in C:\xampp\htdocs\mind\dashboard.php:752
Stack trace:
#0 C:\xampp\htdocs\mind\dashboard.php(752): PDO->prepare('\n              ...')
#1 {main}
  thrown in C:\xampp\htdocs\mind\dashboard.php on line 752
[26-Apr-2025 10:45:06 Europe/Berlin] PHP Fatal error:  Uncaught PDOException: SQLSTATE[42S02]: Base table or view not found: 1146 Table 'mindcare_db.journal_entries' doesn't exist in C:\xampp\htdocs\mind\dashboard.php:752
Stack trace:
#0 C:\xampp\htdocs\mind\dashboard.php(752): PDO->prepare('\n              ...')
#1 {main}
  thrown in C:\xampp\htdocs\mind\dashboard.php on line 752
[26-Apr-2025 10:45:10 Europe/Berlin] PHP Fatal error:  Uncaught PDOException: SQLSTATE[42S02]: Base table or view not found: 1146 Table 'mindcare_db.journal_entries' doesn't exist in C:\xampp\htdocs\mind\dashboard.php:752
Stack trace:
#0 C:\xampp\htdocs\mind\dashboard.php(752): PDO->prepare('\n              ...')
#1 {main}
  thrown in C:\xampp\htdocs\mind\dashboard.php on line 752
[26-Apr-2025 10:51:09 Europe/Berlin] PHP Warning:  Trying to access array offset on value of type bool in C:\xampp\htdocs\mind\dashboard.php on line 615
[26-Apr-2025 10:51:09 Europe/Berlin] PHP Deprecated:  htmlspecialchars(): Passing null to parameter #1 ($string) of type string is deprecated in C:\xampp\htdocs\mind\dashboard.php on line 615
[26-Apr-2025 10:51:38 Europe/Berlin] PHP Warning:  Trying to access array offset on value of type bool in C:\xampp\htdocs\mind\dashboard.php on line 615
[26-Apr-2025 10:51:38 Europe/Berlin] PHP Deprecated:  htmlspecialchars(): Passing null to parameter #1 ($string) of type string is deprecated in C:\xampp\htdocs\mind\dashboard.php on line 615
[26-Apr-2025 11:15:24 Europe/Berlin] PHP Warning:  Undefined array key "profile_picture" in C:\xampp\htdocs\mind\dashboard.php on line 718
[26-Apr-2025 11:15:24 Europe/Berlin] PHP Deprecated:  htmlspecialchars(): Passing null to parameter #1 ($string) of type string is deprecated in C:\xampp\htdocs\mind\dashboard.php on line 718
[26-Apr-2025 11:15:24 Europe/Berlin] PHP Warning:  Undefined array key "name" in C:\xampp\htdocs\mind\dashboard.php on line 720
[26-Apr-2025 11:15:24 Europe/Berlin] PHP Deprecated:  htmlspecialchars(): Passing null to parameter #1 ($string) of type string is deprecated in C:\xampp\htdocs\mind\dashboard.php on line 720
[26-Apr-2025 11:16:13 Europe/Berlin] PHP Warning:  Undefined array key "profile_picture" in C:\xampp\htdocs\mind\dashboard.php on line 718
[26-Apr-2025 11:16:13 Europe/Berlin] PHP Deprecated:  htmlspecialchars(): Passing null to parameter #1 ($string) of type string is deprecated in C:\xampp\htdocs\mind\dashboard.php on line 718
[26-Apr-2025 11:16:13 Europe/Berlin] PHP Warning:  Undefined array key "name" in C:\xampp\htdocs\mind\dashboard.php on line 720
[26-Apr-2025 11:16:13 Europe/Berlin] PHP Deprecated:  htmlspecialchars(): Passing null to parameter #1 ($string) of type string is deprecated in C:\xampp\htdocs\mind\dashboard.php on line 720
[26-Apr-2025 11:18:12 Europe/Berlin] PHP Warning:  Undefined array key "profile_picture" in C:\xampp\htdocs\mind\dashboard.php on line 718
[26-Apr-2025 11:18:12 Europe/Berlin] PHP Deprecated:  htmlspecialchars(): Passing null to parameter #1 ($string) of type string is deprecated in C:\xampp\htdocs\mind\dashboard.php on line 718
[26-Apr-2025 11:18:12 Europe/Berlin] PHP Warning:  Undefined array key "name" in C:\xampp\htdocs\mind\dashboard.php on line 720
[26-Apr-2025 11:18:12 Europe/Berlin] PHP Deprecated:  htmlspecialchars(): Passing null to parameter #1 ($string) of type string is deprecated in C:\xampp\htdocs\mind\dashboard.php on line 720
[26-Apr-2025 11:18:44 Europe/Berlin] PHP Warning:  Undefined array key "profile_picture" in C:\xampp\htdocs\mind\dashboard.php on line 718
[26-Apr-2025 11:18:44 Europe/Berlin] PHP Deprecated:  htmlspecialchars(): Passing null to parameter #1 ($string) of type string is deprecated in C:\xampp\htdocs\mind\dashboard.php on line 718
[26-Apr-2025 11:18:44 Europe/Berlin] PHP Warning:  Undefined array key "name" in C:\xampp\htdocs\mind\dashboard.php on line 720
[26-Apr-2025 11:18:44 Europe/Berlin] PHP Deprecated:  htmlspecialchars(): Passing null to parameter #1 ($string) of type string is deprecated in C:\xampp\htdocs\mind\dashboard.php on line 720
[26-Apr-2025 11:19:41 Europe/Berlin] PHP Warning:  Undefined array key "profile_picture" in C:\xampp\htdocs\mind\dashboard.php on line 718
[26-Apr-2025 11:19:41 Europe/Berlin] PHP Deprecated:  htmlspecialchars(): Passing null to parameter #1 ($string) of type string is deprecated in C:\xampp\htdocs\mind\dashboard.php on line 718
[26-Apr-2025 11:19:41 Europe/Berlin] PHP Warning:  Undefined array key "name" in C:\xampp\htdocs\mind\dashboard.php on line 720
[26-Apr-2025 11:19:41 Europe/Berlin] PHP Deprecated:  htmlspecialchars(): Passing null to parameter #1 ($string) of type string is deprecated in C:\xampp\htdocs\mind\dashboard.php on line 720
[26-Apr-2025 11:19:54 Europe/Berlin] PHP Warning:  Undefined array key "profile_picture" in C:\xampp\htdocs\mind\dashboard.php on line 718
[26-Apr-2025 11:19:54 Europe/Berlin] PHP Deprecated:  htmlspecialchars(): Passing null to parameter #1 ($string) of type string is deprecated in C:\xampp\htdocs\mind\dashboard.php on line 718
[26-Apr-2025 11:19:54 Europe/Berlin] PHP Warning:  Undefined array key "name" in C:\xampp\htdocs\mind\dashboard.php on line 720
[26-Apr-2025 11:19:54 Europe/Berlin] PHP Deprecated:  htmlspecialchars(): Passing null to parameter #1 ($string) of type string is deprecated in C:\xampp\htdocs\mind\dashboard.php on line 720
[26-Apr-2025 11:20:50 Europe/Berlin] PHP Warning:  Undefined array key "profile_picture" in C:\xampp\htdocs\mind\dashboard.php on line 718
[26-Apr-2025 11:20:50 Europe/Berlin] PHP Deprecated:  htmlspecialchars(): Passing null to parameter #1 ($string) of type string is deprecated in C:\xampp\htdocs\mind\dashboard.php on line 718
[26-Apr-2025 11:20:50 Europe/Berlin] PHP Warning:  Undefined array key "name" in C:\xampp\htdocs\mind\dashboard.php on line 720
[26-Apr-2025 11:20:50 Europe/Berlin] PHP Deprecated:  htmlspecialchars(): Passing null to parameter #1 ($string) of type string is deprecated in C:\xampp\htdocs\mind\dashboard.php on line 720
[26-Apr-2025 11:21:02 Europe/Berlin] PHP Warning:  Undefined array key "profile_picture" in C:\xampp\htdocs\mind\dashboard.php on line 718
[26-Apr-2025 11:21:02 Europe/Berlin] PHP Deprecated:  htmlspecialchars(): Passing null to parameter #1 ($string) of type string is deprecated in C:\xampp\htdocs\mind\dashboard.php on line 718
[26-Apr-2025 11:21:02 Europe/Berlin] PHP Warning:  Undefined array key "name" in C:\xampp\htdocs\mind\dashboard.php on line 720
[26-Apr-2025 11:21:02 Europe/Berlin] PHP Deprecated:  htmlspecialchars(): Passing null to parameter #1 ($string) of type string is deprecated in C:\xampp\htdocs\mind\dashboard.php on line 720
[26-Apr-2025 11:23:17 Europe/Berlin] PHP Warning:  Undefined array key "profile_picture" in C:\xampp\htdocs\mind\dashboard.php on line 718
[26-Apr-2025 11:23:17 Europe/Berlin] PHP Deprecated:  htmlspecialchars(): Passing null to parameter #1 ($string) of type string is deprecated in C:\xampp\htdocs\mind\dashboard.php on line 718
[26-Apr-2025 11:23:17 Europe/Berlin] PHP Warning:  Undefined array key "name" in C:\xampp\htdocs\mind\dashboard.php on line 720
[26-Apr-2025 11:23:17 Europe/Berlin] PHP Deprecated:  htmlspecialchars(): Passing null to parameter #1 ($string) of type string is deprecated in C:\xampp\htdocs\mind\dashboard.php on line 720
[26-Apr-2025 11:34:04 Europe/Berlin] PHP Warning:  Undefined array key "profile_picture" in C:\xampp\htdocs\mind\dashboard.php on line 718
[26-Apr-2025 11:34:04 Europe/Berlin] PHP Deprecated:  htmlspecialchars(): Passing null to parameter #1 ($string) of type string is deprecated in C:\xampp\htdocs\mind\dashboard.php on line 718
[26-Apr-2025 11:34:04 Europe/Berlin] PHP Warning:  Undefined array key "name" in C:\xampp\htdocs\mind\dashboard.php on line 720
[26-Apr-2025 11:34:04 Europe/Berlin] PHP Deprecated:  htmlspecialchars(): Passing null to parameter #1 ($string) of type string is deprecated in C:\xampp\htdocs\mind\dashboard.php on line 720
[26-Apr-2025 11:34:33 Europe/Berlin] PHP Warning:  Undefined array key "profile_picture" in C:\xampp\htdocs\mind\dashboard.php on line 718
[26-Apr-2025 11:34:33 Europe/Berlin] PHP Deprecated:  htmlspecialchars(): Passing null to parameter #1 ($string) of type string is deprecated in C:\xampp\htdocs\mind\dashboard.php on line 718
[26-Apr-2025 11:34:33 Europe/Berlin] PHP Warning:  Undefined array key "name" in C:\xampp\htdocs\mind\dashboard.php on line 720
[26-Apr-2025 11:34:33 Europe/Berlin] PHP Deprecated:  htmlspecialchars(): Passing null to parameter #1 ($string) of type string is deprecated in C:\xampp\htdocs\mind\dashboard.php on line 720
[26-Apr-2025 11:36:03 Europe/Berlin] PHP Warning:  Undefined array key "profile_picture" in C:\xampp\htdocs\mind\dashboard.php on line 846
[26-Apr-2025 11:36:03 Europe/Berlin] PHP Deprecated:  htmlspecialchars(): Passing null to parameter #1 ($string) of type string is deprecated in C:\xampp\htdocs\mind\dashboard.php on line 846
[26-Apr-2025 11:36:03 Europe/Berlin] PHP Warning:  Undefined array key "name" in C:\xampp\htdocs\mind\dashboard.php on line 848
[26-Apr-2025 11:36:03 Europe/Berlin] PHP Deprecated:  htmlspecialchars(): Passing null to parameter #1 ($string) of type string is deprecated in C:\xampp\htdocs\mind\dashboard.php on line 848
[26-Apr-2025 11:36:09 Europe/Berlin] PHP Warning:  Undefined array key "profile_picture" in C:\xampp\htdocs\mind\dashboard.php on line 846
[26-Apr-2025 11:36:09 Europe/Berlin] PHP Deprecated:  htmlspecialchars(): Passing null to parameter #1 ($string) of type string is deprecated in C:\xampp\htdocs\mind\dashboard.php on line 846
[26-Apr-2025 11:36:09 Europe/Berlin] PHP Warning:  Undefined array key "name" in C:\xampp\htdocs\mind\dashboard.php on line 848
[26-Apr-2025 11:36:09 Europe/Berlin] PHP Deprecated:  htmlspecialchars(): Passing null to parameter #1 ($string) of type string is deprecated in C:\xampp\htdocs\mind\dashboard.php on line 848
[26-Apr-2025 11:36:09 Europe/Berlin] PHP Warning:  Undefined array key "profile_picture" in C:\xampp\htdocs\mind\dashboard.php on line 846
[26-Apr-2025 11:36:09 Europe/Berlin] PHP Deprecated:  htmlspecialchars(): Passing null to parameter #1 ($string) of type string is deprecated in C:\xampp\htdocs\mind\dashboard.php on line 846
[26-Apr-2025 11:36:09 Europe/Berlin] PHP Warning:  Undefined array key "name" in C:\xampp\htdocs\mind\dashboard.php on line 848
[26-Apr-2025 11:36:09 Europe/Berlin] PHP Deprecated:  htmlspecialchars(): Passing null to parameter #1 ($string) of type string is deprecated in C:\xampp\htdocs\mind\dashboard.php on line 848
[26-Apr-2025 11:43:52 Europe/Berlin] PHP Warning:  Undefined array key "profile_picture" in C:\xampp\htdocs\mind\dashboard.php on line 846
[26-Apr-2025 11:43:52 Europe/Berlin] PHP Deprecated:  htmlspecialchars(): Passing null to parameter #1 ($string) of type string is deprecated in C:\xampp\htdocs\mind\dashboard.php on line 846
[26-Apr-2025 11:43:52 Europe/Berlin] PHP Warning:  Undefined array key "name" in C:\xampp\htdocs\mind\dashboard.php on line 848
[26-Apr-2025 11:43:52 Europe/Berlin] PHP Deprecated:  htmlspecialchars(): Passing null to parameter #1 ($string) of type string is deprecated in C:\xampp\htdocs\mind\dashboard.php on line 848
[26-Apr-2025 11:43:55 Europe/Berlin] PHP Warning:  Undefined array key "profile_picture" in C:\xampp\htdocs\mind\dashboard.php on line 846
[26-Apr-2025 11:43:55 Europe/Berlin] PHP Deprecated:  htmlspecialchars(): Passing null to parameter #1 ($string) of type string is deprecated in C:\xampp\htdocs\mind\dashboard.php on line 846
[26-Apr-2025 11:43:55 Europe/Berlin] PHP Warning:  Undefined array key "name" in C:\xampp\htdocs\mind\dashboard.php on line 848
[26-Apr-2025 11:43:55 Europe/Berlin] PHP Deprecated:  htmlspecialchars(): Passing null to parameter #1 ($string) of type string is deprecated in C:\xampp\htdocs\mind\dashboard.php on line 848
[26-Apr-2025 11:43:55 Europe/Berlin] PHP Warning:  Undefined array key "profile_picture" in C:\xampp\htdocs\mind\dashboard.php on line 846
[26-Apr-2025 11:43:55 Europe/Berlin] PHP Deprecated:  htmlspecialchars(): Passing null to parameter #1 ($string) of type string is deprecated in C:\xampp\htdocs\mind\dashboard.php on line 846
[26-Apr-2025 11:43:55 Europe/Berlin] PHP Warning:  Undefined array key "name" in C:\xampp\htdocs\mind\dashboard.php on line 848
[26-Apr-2025 11:43:55 Europe/Berlin] PHP Deprecated:  htmlspecialchars(): Passing null to parameter #1 ($string) of type string is deprecated in C:\xampp\htdocs\mind\dashboard.php on line 848
[26-Apr-2025 11:43:56 Europe/Berlin] PHP Warning:  Undefined array key "profile_picture" in C:\xampp\htdocs\mind\dashboard.php on line 846
[26-Apr-2025 11:43:56 Europe/Berlin] PHP Deprecated:  htmlspecialchars(): Passing null to parameter #1 ($string) of type string is deprecated in C:\xampp\htdocs\mind\dashboard.php on line 846
[26-Apr-2025 11:43:56 Europe/Berlin] PHP Warning:  Undefined array key "name" in C:\xampp\htdocs\mind\dashboard.php on line 848
[26-Apr-2025 11:43:56 Europe/Berlin] PHP Deprecated:  htmlspecialchars(): Passing null to parameter #1 ($string) of type string is deprecated in C:\xampp\htdocs\mind\dashboard.php on line 848
[26-Apr-2025 11:43:56 Europe/Berlin] PHP Warning:  Undefined array key "profile_picture" in C:\xampp\htdocs\mind\dashboard.php on line 846
[26-Apr-2025 11:43:56 Europe/Berlin] PHP Deprecated:  htmlspecialchars(): Passing null to parameter #1 ($string) of type string is deprecated in C:\xampp\htdocs\mind\dashboard.php on line 846
[26-Apr-2025 11:43:56 Europe/Berlin] PHP Warning:  Undefined array key "name" in C:\xampp\htdocs\mind\dashboard.php on line 848
[26-Apr-2025 11:43:56 Europe/Berlin] PHP Deprecated:  htmlspecialchars(): Passing null to parameter #1 ($string) of type string is deprecated in C:\xampp\htdocs\mind\dashboard.php on line 848
[26-Apr-2025 11:43:57 Europe/Berlin] PHP Warning:  Undefined array key "profile_picture" in C:\xampp\htdocs\mind\dashboard.php on line 846
[26-Apr-2025 11:43:57 Europe/Berlin] PHP Deprecated:  htmlspecialchars(): Passing null to parameter #1 ($string) of type string is deprecated in C:\xampp\htdocs\mind\dashboard.php on line 846
[26-Apr-2025 11:43:57 Europe/Berlin] PHP Warning:  Undefined array key "name" in C:\xampp\htdocs\mind\dashboard.php on line 848
[26-Apr-2025 11:43:57 Europe/Berlin] PHP Deprecated:  htmlspecialchars(): Passing null to parameter #1 ($string) of type string is deprecated in C:\xampp\htdocs\mind\dashboard.php on line 848
[26-Apr-2025 11:43:57 Europe/Berlin] PHP Warning:  Undefined array key "profile_picture" in C:\xampp\htdocs\mind\dashboard.php on line 846
[26-Apr-2025 11:43:57 Europe/Berlin] PHP Deprecated:  htmlspecialchars(): Passing null to parameter #1 ($string) of type string is deprecated in C:\xampp\htdocs\mind\dashboard.php on line 846
[26-Apr-2025 11:43:57 Europe/Berlin] PHP Warning:  Undefined array key "name" in C:\xampp\htdocs\mind\dashboard.php on line 848
[26-Apr-2025 11:43:57 Europe/Berlin] PHP Deprecated:  htmlspecialchars(): Passing null to parameter #1 ($string) of type string is deprecated in C:\xampp\htdocs\mind\dashboard.php on line 848
[26-Apr-2025 11:43:57 Europe/Berlin] PHP Warning:  Undefined array key "profile_picture" in C:\xampp\htdocs\mind\dashboard.php on line 846
[26-Apr-2025 11:43:57 Europe/Berlin] PHP Deprecated:  htmlspecialchars(): Passing null to parameter #1 ($string) of type string is deprecated in C:\xampp\htdocs\mind\dashboard.php on line 846
[26-Apr-2025 11:43:57 Europe/Berlin] PHP Warning:  Undefined array key "name" in C:\xampp\htdocs\mind\dashboard.php on line 848
[26-Apr-2025 11:43:57 Europe/Berlin] PHP Deprecated:  htmlspecialchars(): Passing null to parameter #1 ($string) of type string is deprecated in C:\xampp\htdocs\mind\dashboard.php on line 848
[26-Apr-2025 11:43:57 Europe/Berlin] PHP Warning:  Undefined array key "profile_picture" in C:\xampp\htdocs\mind\dashboard.php on line 846
[26-Apr-2025 11:43:57 Europe/Berlin] PHP Deprecated:  htmlspecialchars(): Passing null to parameter #1 ($string) of type string is deprecated in C:\xampp\htdocs\mind\dashboard.php on line 846
[26-Apr-2025 11:43:57 Europe/Berlin] PHP Warning:  Undefined array key "name" in C:\xampp\htdocs\mind\dashboard.php on line 848
[26-Apr-2025 11:43:57 Europe/Berlin] PHP Deprecated:  htmlspecialchars(): Passing null to parameter #1 ($string) of type string is deprecated in C:\xampp\htdocs\mind\dashboard.php on line 848
[26-Apr-2025 11:43:57 Europe/Berlin] PHP Warning:  Undefined array key "profile_picture" in C:\xampp\htdocs\mind\dashboard.php on line 846
[26-Apr-2025 11:43:57 Europe/Berlin] PHP Deprecated:  htmlspecialchars(): Passing null to parameter #1 ($string) of type string is deprecated in C:\xampp\htdocs\mind\dashboard.php on line 846
[26-Apr-2025 11:43:57 Europe/Berlin] PHP Warning:  Undefined array key "name" in C:\xampp\htdocs\mind\dashboard.php on line 848
[26-Apr-2025 11:43:57 Europe/Berlin] PHP Deprecated:  htmlspecialchars(): Passing null to parameter #1 ($string) of type string is deprecated in C:\xampp\htdocs\mind\dashboard.php on line 848
[26-Apr-2025 11:43:58 Europe/Berlin] PHP Warning:  Undefined array key "profile_picture" in C:\xampp\htdocs\mind\dashboard.php on line 846
[26-Apr-2025 11:43:58 Europe/Berlin] PHP Deprecated:  htmlspecialchars(): Passing null to parameter #1 ($string) of type string is deprecated in C:\xampp\htdocs\mind\dashboard.php on line 846
[26-Apr-2025 11:43:58 Europe/Berlin] PHP Warning:  Undefined array key "name" in C:\xampp\htdocs\mind\dashboard.php on line 848
[26-Apr-2025 11:43:58 Europe/Berlin] PHP Deprecated:  htmlspecialchars(): Passing null to parameter #1 ($string) of type string is deprecated in C:\xampp\htdocs\mind\dashboard.php on line 848
[26-Apr-2025 11:43:58 Europe/Berlin] PHP Warning:  Undefined array key "profile_picture" in C:\xampp\htdocs\mind\dashboard.php on line 846
[26-Apr-2025 11:43:58 Europe/Berlin] PHP Deprecated:  htmlspecialchars(): Passing null to parameter #1 ($string) of type string is deprecated in C:\xampp\htdocs\mind\dashboard.php on line 846
[26-Apr-2025 11:43:58 Europe/Berlin] PHP Warning:  Undefined array key "name" in C:\xampp\htdocs\mind\dashboard.php on line 848
[26-Apr-2025 11:43:58 Europe/Berlin] PHP Deprecated:  htmlspecialchars(): Passing null to parameter #1 ($string) of type string is deprecated in C:\xampp\htdocs\mind\dashboard.php on line 848
[26-Apr-2025 11:43:58 Europe/Berlin] PHP Warning:  Undefined array key "profile_picture" in C:\xampp\htdocs\mind\dashboard.php on line 846
[26-Apr-2025 11:43:58 Europe/Berlin] PHP Deprecated:  htmlspecialchars(): Passing null to parameter #1 ($string) of type string is deprecated in C:\xampp\htdocs\mind\dashboard.php on line 846
[26-Apr-2025 11:43:58 Europe/Berlin] PHP Warning:  Undefined array key "name" in C:\xampp\htdocs\mind\dashboard.php on line 848
[26-Apr-2025 11:43:58 Europe/Berlin] PHP Deprecated:  htmlspecialchars(): Passing null to parameter #1 ($string) of type string is deprecated in C:\xampp\htdocs\mind\dashboard.php on line 848
[26-Apr-2025 11:43:58 Europe/Berlin] PHP Warning:  Undefined array key "profile_picture" in C:\xampp\htdocs\mind\dashboard.php on line 846
[26-Apr-2025 11:43:58 Europe/Berlin] PHP Deprecated:  htmlspecialchars(): Passing null to parameter #1 ($string) of type string is deprecated in C:\xampp\htdocs\mind\dashboard.php on line 846
[26-Apr-2025 11:43:58 Europe/Berlin] PHP Warning:  Undefined array key "name" in C:\xampp\htdocs\mind\dashboard.php on line 848
[26-Apr-2025 11:43:58 Europe/Berlin] PHP Deprecated:  htmlspecialchars(): Passing null to parameter #1 ($string) of type string is deprecated in C:\xampp\htdocs\mind\dashboard.php on line 848
[26-Apr-2025 11:43:58 Europe/Berlin] PHP Warning:  Undefined array key "profile_picture" in C:\xampp\htdocs\mind\dashboard.php on line 846
[26-Apr-2025 11:43:58 Europe/Berlin] PHP Deprecated:  htmlspecialchars(): Passing null to parameter #1 ($string) of type string is deprecated in C:\xampp\htdocs\mind\dashboard.php on line 846
[26-Apr-2025 11:43:58 Europe/Berlin] PHP Warning:  Undefined array key "name" in C:\xampp\htdocs\mind\dashboard.php on line 848
[26-Apr-2025 11:43:58 Europe/Berlin] PHP Deprecated:  htmlspecialchars(): Passing null to parameter #1 ($string) of type string is deprecated in C:\xampp\htdocs\mind\dashboard.php on line 848
[26-Apr-2025 11:43:58 Europe/Berlin] PHP Warning:  Undefined array key "profile_picture" in C:\xampp\htdocs\mind\dashboard.php on line 846
[26-Apr-2025 11:43:58 Europe/Berlin] PHP Deprecated:  htmlspecialchars(): Passing null to parameter #1 ($string) of type string is deprecated in C:\xampp\htdocs\mind\dashboard.php on line 846
[26-Apr-2025 11:43:58 Europe/Berlin] PHP Warning:  Undefined array key "name" in C:\xampp\htdocs\mind\dashboard.php on line 848
[26-Apr-2025 11:43:58 Europe/Berlin] PHP Deprecated:  htmlspecialchars(): Passing null to parameter #1 ($string) of type string is deprecated in C:\xampp\htdocs\mind\dashboard.php on line 848
[26-Apr-2025 11:43:59 Europe/Berlin] PHP Warning:  Undefined array key "profile_picture" in C:\xampp\htdocs\mind\dashboard.php on line 846
[26-Apr-2025 11:43:59 Europe/Berlin] PHP Deprecated:  htmlspecialchars(): Passing null to parameter #1 ($string) of type string is deprecated in C:\xampp\htdocs\mind\dashboard.php on line 846
[26-Apr-2025 11:43:59 Europe/Berlin] PHP Warning:  Undefined array key "name" in C:\xampp\htdocs\mind\dashboard.php on line 848
[26-Apr-2025 11:43:59 Europe/Berlin] PHP Deprecated:  htmlspecialchars(): Passing null to parameter #1 ($string) of type string is deprecated in C:\xampp\htdocs\mind\dashboard.php on line 848
[26-Apr-2025 11:43:59 Europe/Berlin] PHP Warning:  Undefined array key "profile_picture" in C:\xampp\htdocs\mind\dashboard.php on line 846
[26-Apr-2025 11:43:59 Europe/Berlin] PHP Deprecated:  htmlspecialchars(): Passing null to parameter #1 ($string) of type string is deprecated in C:\xampp\htdocs\mind\dashboard.php on line 846
[26-Apr-2025 11:43:59 Europe/Berlin] PHP Warning:  Undefined array key "name" in C:\xampp\htdocs\mind\dashboard.php on line 848
[26-Apr-2025 11:43:59 Europe/Berlin] PHP Deprecated:  htmlspecialchars(): Passing null to parameter #1 ($string) of type string is deprecated in C:\xampp\htdocs\mind\dashboard.php on line 848
[26-Apr-2025 11:43:59 Europe/Berlin] PHP Warning:  Undefined array key "profile_picture" in C:\xampp\htdocs\mind\dashboard.php on line 846
[26-Apr-2025 11:43:59 Europe/Berlin] PHP Deprecated:  htmlspecialchars(): Passing null to parameter #1 ($string) of type string is deprecated in C:\xampp\htdocs\mind\dashboard.php on line 846
[26-Apr-2025 11:43:59 Europe/Berlin] PHP Warning:  Undefined array key "name" in C:\xampp\htdocs\mind\dashboard.php on line 848
[26-Apr-2025 11:43:59 Europe/Berlin] PHP Deprecated:  htmlspecialchars(): Passing null to parameter #1 ($string) of type string is deprecated in C:\xampp\htdocs\mind\dashboard.php on line 848
[26-Apr-2025 11:43:59 Europe/Berlin] PHP Warning:  Undefined array key "profile_picture" in C:\xampp\htdocs\mind\dashboard.php on line 846
[26-Apr-2025 11:43:59 Europe/Berlin] PHP Deprecated:  htmlspecialchars(): Passing null to parameter #1 ($string) of type string is deprecated in C:\xampp\htdocs\mind\dashboard.php on line 846
[26-Apr-2025 11:43:59 Europe/Berlin] PHP Warning:  Undefined array key "name" in C:\xampp\htdocs\mind\dashboard.php on line 848
[26-Apr-2025 11:43:59 Europe/Berlin] PHP Deprecated:  htmlspecialchars(): Passing null to parameter #1 ($string) of type string is deprecated in C:\xampp\htdocs\mind\dashboard.php on line 848
[26-Apr-2025 11:46:13 Europe/Berlin] PHP Warning:  Undefined array key "profile_picture" in C:\xampp\htdocs\mind\dashboard.php on line 846
[26-Apr-2025 11:46:13 Europe/Berlin] PHP Deprecated:  htmlspecialchars(): Passing null to parameter #1 ($string) of type string is deprecated in C:\xampp\htdocs\mind\dashboard.php on line 846
[26-Apr-2025 11:46:13 Europe/Berlin] PHP Warning:  Undefined array key "name" in C:\xampp\htdocs\mind\dashboard.php on line 848
[26-Apr-2025 11:46:13 Europe/Berlin] PHP Deprecated:  htmlspecialchars(): Passing null to parameter #1 ($string) of type string is deprecated in C:\xampp\htdocs\mind\dashboard.php on line 848
[27-Apr-2025 18:22:50 Europe/Berlin] PHP Warning:  Undefined array key "profile_picture" in C:\xampp\htdocs\mind\dashboard.php on line 846
[27-Apr-2025 18:22:50 Europe/Berlin] PHP Deprecated:  htmlspecialchars(): Passing null to parameter #1 ($string) of type string is deprecated in C:\xampp\htdocs\mind\dashboard.php on line 846
[27-Apr-2025 18:22:50 Europe/Berlin] PHP Warning:  Undefined array key "name" in C:\xampp\htdocs\mind\dashboard.php on line 848
[27-Apr-2025 18:22:50 Europe/Berlin] PHP Deprecated:  htmlspecialchars(): Passing null to parameter #1 ($string) of type string is deprecated in C:\xampp\htdocs\mind\dashboard.php on line 848
[27-Apr-2025 18:23:19 Europe/Berlin] PHP Warning:  Undefined array key "profile_picture" in C:\xampp\htdocs\mind\dashboard.php on line 846
[27-Apr-2025 18:23:19 Europe/Berlin] PHP Deprecated:  htmlspecialchars(): Passing null to parameter #1 ($string) of type string is deprecated in C:\xampp\htdocs\mind\dashboard.php on line 846
[27-Apr-2025 18:23:19 Europe/Berlin] PHP Warning:  Undefined array key "name" in C:\xampp\htdocs\mind\dashboard.php on line 848
[27-Apr-2025 18:23:19 Europe/Berlin] PHP Deprecated:  htmlspecialchars(): Passing null to parameter #1 ($string) of type string is deprecated in C:\xampp\htdocs\mind\dashboard.php on line 848
[27-Apr-2025 18:23:19 Europe/Berlin] PHP Warning:  Undefined array key "profile_picture" in C:\xampp\htdocs\mind\dashboard.php on line 846
[27-Apr-2025 18:23:19 Europe/Berlin] PHP Deprecated:  htmlspecialchars(): Passing null to parameter #1 ($string) of type string is deprecated in C:\xampp\htdocs\mind\dashboard.php on line 846
[27-Apr-2025 18:23:19 Europe/Berlin] PHP Warning:  Undefined array key "name" in C:\xampp\htdocs\mind\dashboard.php on line 848
[27-Apr-2025 18:23:19 Europe/Berlin] PHP Deprecated:  htmlspecialchars(): Passing null to parameter #1 ($string) of type string is deprecated in C:\xampp\htdocs\mind\dashboard.php on line 848
